c:\users\albert gil\desktop\miri\ca\animationproj2\animationproj2\debug\vc142.pdb
c:\users\albert gil\desktop\miri\ca\animationproj2\animationproj2\debug\vc142.idb
c:\users\albert gil\desktop\miri\ca\animationproj2\animationproj2\debug\trianglemesh.obj
c:\users\albert gil\desktop\miri\ca\animationproj2\animationproj2\debug\tilemap.obj
c:\users\albert gil\desktop\miri\ca\animationproj2\animationproj2\debug\texturedquad.obj
c:\users\albert gil\desktop\miri\ca\animationproj2\animationproj2\debug\texture.obj
c:\users\albert gil\desktop\miri\ca\animationproj2\animationproj2\debug\text.obj
c:\users\albert gil\desktop\miri\ca\animationproj2\animationproj2\debug\shaderprogram.obj
c:\users\albert gil\desktop\miri\ca\animationproj2\animationproj2\debug\shader.obj
c:\users\albert gil\desktop\miri\ca\animationproj2\animationproj2\debug\scene.obj
c:\users\albert gil\desktop\miri\ca\animationproj2\animationproj2\debug\plyreader.obj
c:\users\albert gil\desktop\miri\ca\animationproj2\animationproj2\debug\physics.obj
c:\users\albert gil\desktop\miri\ca\animationproj2\animationproj2\debug\particle.obj
c:\users\albert gil\desktop\miri\ca\animationproj2\animationproj2\debug\main.obj
c:\users\albert gil\desktop\miri\ca\animationproj2\animationproj2\debug\lod.obj
c:\users\albert gil\desktop\miri\ca\animationproj2\animationproj2\debug\glm.obj
c:\users\albert gil\desktop\miri\ca\animationproj2\animationproj2\debug\geometry.obj
c:\users\albert gil\desktop\miri\ca\animationproj2\animationproj2\debug\floortile.obj
c:\users\albert gil\desktop\miri\ca\animationproj2\animationproj2\debug\camera.obj
c:\users\albert gil\desktop\miri\ca\animationproj2\animationproj2\debug\application.obj
c:\users\albert gil\desktop\miri\ca\animationproj2\debug\animationproj2.pdb
c:\users\albert gil\desktop\miri\ca\animationproj2\animationproj2\debug\animationproj2.tlog\cl.command.1.tlog
c:\users\albert gil\desktop\miri\ca\animationproj2\animationproj2\debug\animationproj2.tlog\cl.read.1.tlog
c:\users\albert gil\desktop\miri\ca\animationproj2\animationproj2\debug\animationproj2.tlog\cl.write.1.tlog
c:\users\albert gil\desktop\miri\ca\animationproj2\animationproj2\debug\animationproj2.tlog\link.5628.read.1.tlog
c:\users\albert gil\desktop\miri\ca\animationproj2\animationproj2\debug\animationproj2.tlog\link.5628.write.1.tlog
c:\users\albert gil\desktop\miri\ca\animationproj2\animationproj2\debug\animationproj2.tlog\link.command.1.tlog
c:\users\albert gil\desktop\miri\ca\animationproj2\animationproj2\debug\animationproj2.tlog\link.read.1.tlog
c:\users\albert gil\desktop\miri\ca\animationproj2\animationproj2\debug\animationproj2.tlog\link.write.1.tlog
