c:\users\albert gil\desktop\miri\ca\animationproj2\animationproj2\x64\debug\vc142.pdb
c:\users\albert gil\desktop\miri\ca\animationproj2\animationproj2\x64\debug\vc142.idb
c:\users\albert gil\desktop\miri\ca\animationproj2\animationproj2\x64\debug\trianglemesh.obj
c:\users\albert gil\desktop\miri\ca\animationproj2\animationproj2\x64\debug\tilemap.obj
c:\users\albert gil\desktop\miri\ca\animationproj2\animationproj2\x64\debug\texturedquad.obj
c:\users\albert gil\desktop\miri\ca\animationproj2\animationproj2\x64\debug\texture.obj
c:\users\albert gil\desktop\miri\ca\animationproj2\animationproj2\x64\debug\text.obj
c:\users\albert gil\desktop\miri\ca\animationproj2\animationproj2\x64\debug\shaderprogram.obj
c:\users\albert gil\desktop\miri\ca\animationproj2\animationproj2\x64\debug\shader.obj
c:\users\albert gil\desktop\miri\ca\animationproj2\animationproj2\x64\debug\scene.obj
c:\users\albert gil\desktop\miri\ca\animationproj2\animationproj2\x64\debug\plyreader.obj
c:\users\albert gil\desktop\miri\ca\animationproj2\animationproj2\x64\debug\physics.obj
c:\users\albert gil\desktop\miri\ca\animationproj2\animationproj2\x64\debug\particle.obj
c:\users\albert gil\desktop\miri\ca\animationproj2\animationproj2\x64\debug\main.obj
c:\users\albert gil\desktop\miri\ca\animationproj2\animationproj2\x64\debug\lod.obj
c:\users\albert gil\desktop\miri\ca\animationproj2\animationproj2\x64\debug\glm.obj
c:\users\albert gil\desktop\miri\ca\animationproj2\animationproj2\x64\debug\geometry.obj
c:\users\albert gil\desktop\miri\ca\animationproj2\animationproj2\x64\debug\floortile.obj
c:\users\albert gil\desktop\miri\ca\animationproj2\animationproj2\x64\debug\camera.obj
c:\users\albert gil\desktop\miri\ca\animationproj2\animationproj2\x64\debug\application.obj
c:\users\albert gil\desktop\miri\ca\animationproj2\x64\debug\animationproj2.pdb
c:\users\albert gil\desktop\miri\ca\animationproj2\animationproj2\x64\debug\animationproj2.tlog\cl.command.1.tlog
c:\users\albert gil\desktop\miri\ca\animationproj2\animationproj2\x64\debug\animationproj2.tlog\cl.read.1.tlog
c:\users\albert gil\desktop\miri\ca\animationproj2\animationproj2\x64\debug\animationproj2.tlog\cl.write.1.tlog
c:\users\albert gil\desktop\miri\ca\animationproj2\animationproj2\x64\debug\animationproj2.tlog\link-cvtres.read.1.tlog
c:\users\albert gil\desktop\miri\ca\animationproj2\animationproj2\x64\debug\animationproj2.tlog\link-cvtres.write.1.tlog
c:\users\albert gil\desktop\miri\ca\animationproj2\animationproj2\x64\debug\animationproj2.tlog\link-rc.read.1.tlog
c:\users\albert gil\desktop\miri\ca\animationproj2\animationproj2\x64\debug\animationproj2.tlog\link-rc.write.1.tlog
c:\users\albert gil\desktop\miri\ca\animationproj2\animationproj2\x64\debug\animationproj2.tlog\link.command.1.tlog
c:\users\albert gil\desktop\miri\ca\animationproj2\animationproj2\x64\debug\animationproj2.tlog\link.read.1.tlog
c:\users\albert gil\desktop\miri\ca\animationproj2\animationproj2\x64\debug\animationproj2.tlog\link.write.1.tlog
