  Scene.cpp
C:\Users\Albert Gil\Desktop\MIRI\CA\FluidSimulation\FluidSimulation\src\Scene.cpp(73,25): warning C4244:  '=': conversion from 'double' to 'int', possible loss of data
C:\Users\Albert Gil\Desktop\MIRI\CA\FluidSimulation\FluidSimulation\src\Scene.cpp(82,12): warning C4244:  'argument': conversion from 'time_t' to 'unsigned int', possible loss of data
C:\Users\Albert Gil\Desktop\MIRI\CA\FluidSimulation\FluidSimulation\src\Scene.cpp(93,29): warning C4018:  '<': signed/unsigned mismatch
C:\Users\Albert Gil\Desktop\MIRI\CA\FluidSimulation\FluidSimulation\src\Scene.cpp(159,29): warning C4018:  '<': signed/unsigned mismatch
C:\Users\Albert Gil\Desktop\MIRI\CA\FluidSimulation\FluidSimulation\src\Scene.cpp(254,66): warning C4244:  'argument': conversion from 'double' to 'const float', possible loss of data
C:\Users\Albert Gil\Desktop\MIRI\CA\FluidSimulation\FluidSimulation\src\Scene.cpp(254,22): warning C4244:  'argument': conversion from 'double' to 'const float', possible loss of data
C:\Users\Albert Gil\Desktop\MIRI\CA\FluidSimulation\FluidSimulation\src\Scene.cpp(261,66): warning C4244:  'argument': conversion from 'double' to 'const float', possible loss of data
C:\Users\Albert Gil\Desktop\MIRI\CA\FluidSimulation\FluidSimulation\src\Scene.cpp(261,22): warning C4244:  'argument': conversion from 'double' to 'const float', possible loss of data
C:\Users\Albert Gil\Desktop\MIRI\CA\FluidSimulation\FluidSimulation\src\Scene.cpp(269,15): warning C4244:  '=': conversion from 'double' to 'float', possible loss of data
C:\Users\Albert Gil\Desktop\MIRI\CA\FluidSimulation\FluidSimulation\src\Scene.cpp(270,14): warning C4244:  '=': conversion from 'double' to 'float', possible loss of data
C:\Users\Albert Gil\Desktop\MIRI\CA\FluidSimulation\FluidSimulation\src\Scene.cpp(271,85): warning C4244:  'argument': conversion from 'double' to 'const float', possible loss of data
C:\Users\Albert Gil\Desktop\MIRI\CA\FluidSimulation\FluidSimulation\src\Scene.cpp(271,53): warning C4244:  'argument': conversion from 'double' to 'const float', possible loss of data
C:\Users\Albert Gil\Desktop\MIRI\CA\FluidSimulation\FluidSimulation\src\Scene.cpp(271,35): warning C4244:  'argument': conversion from 'double' to 'const float', possible loss of data
C:\Users\Albert Gil\Desktop\MIRI\CA\FluidSimulation\FluidSimulation\src\Scene.cpp(295,29): warning C4018:  '<': signed/unsigned mismatch
C:\Users\Albert Gil\Desktop\MIRI\CA\FluidSimulation\FluidSimulation\src\Scene.cpp(324,29): warning C4018:  '<': signed/unsigned mismatch
LINK : warning LNK4098: defaultlib 'LIBCMT' conflicts with use of other libs; use /NODEFAULTLIB:library
  Generating code
  1 of 907 functions ( 0.1%) were compiled, the rest were copied from previous compilation.
    0 functions were new in current compilation
    7 functions had inline decision re-evaluated but remain unchanged
  Finished generating code
glew32s.lib(glew.obj) : warning LNK4099: PDB 'vc120.pdb' was not found with 'glew32s.lib(glew.obj)' or at 'C:\Users\Albert Gil\Desktop\MIRI\CA\FluidSimulation\Release\vc120.pdb'; linking object as if no debug info
  FluidSimulation.vcxproj -> C:\Users\Albert Gil\Desktop\MIRI\CA\FluidSimulation\Release\FluidSimulation.exe
