c:\users\albert gil\desktop\miri\ca\animationproj2\animationproj2\release\vc142.pdb
c:\users\albert gil\desktop\miri\ca\animationproj2\animationproj2\release\trianglemesh.obj
c:\users\albert gil\desktop\miri\ca\animationproj2\animationproj2\release\tilemap.obj
c:\users\albert gil\desktop\miri\ca\animationproj2\animationproj2\release\texturedquad.obj
c:\users\albert gil\desktop\miri\ca\animationproj2\animationproj2\release\texture.obj
c:\users\albert gil\desktop\miri\ca\animationproj2\animationproj2\release\text.obj
c:\users\albert gil\desktop\miri\ca\animationproj2\animationproj2\release\shaderprogram.obj
c:\users\albert gil\desktop\miri\ca\animationproj2\animationproj2\release\shader.obj
c:\users\albert gil\desktop\miri\ca\animationproj2\animationproj2\release\scene.obj
c:\users\albert gil\desktop\miri\ca\animationproj2\animationproj2\release\plyreader.obj
c:\users\albert gil\desktop\miri\ca\animationproj2\animationproj2\release\physics.obj
c:\users\albert gil\desktop\miri\ca\animationproj2\animationproj2\release\particle.obj
c:\users\albert gil\desktop\miri\ca\animationproj2\animationproj2\release\main.obj
c:\users\albert gil\desktop\miri\ca\animationproj2\animationproj2\release\lod.obj
c:\users\albert gil\desktop\miri\ca\animationproj2\animationproj2\release\glm.obj
c:\users\albert gil\desktop\miri\ca\animationproj2\animationproj2\release\geometry.obj
c:\users\albert gil\desktop\miri\ca\animationproj2\animationproj2\release\floortile.obj
c:\users\albert gil\desktop\miri\ca\animationproj2\animationproj2\release\camera.obj
c:\users\albert gil\desktop\miri\ca\animationproj2\animationproj2\release\application.obj
c:\users\albert gil\desktop\miri\ca\animationproj2\animationproj2\release\animationproj2.tlog\cl.command.1.tlog
c:\users\albert gil\desktop\miri\ca\animationproj2\animationproj2\release\animationproj2.tlog\cl.read.1.tlog
c:\users\albert gil\desktop\miri\ca\animationproj2\animationproj2\release\animationproj2.tlog\cl.write.1.tlog
c:\users\albert gil\desktop\miri\ca\animationproj2\animationproj2\release\animationproj2.tlog\link.command.1.tlog
c:\users\albert gil\desktop\miri\ca\animationproj2\animationproj2\release\animationproj2.tlog\link.read.1.tlog
c:\users\albert gil\desktop\miri\ca\animationproj2\animationproj2\release\animationproj2.tlog\link.write.1.tlog
