c:\users\albert gil\desktop\miri\ca\fluidsimulation\fluidsimulation\debug\vc142.pdb
c:\users\albert gil\desktop\miri\ca\fluidsimulation\fluidsimulation\debug\vc142.idb
c:\users\albert gil\desktop\miri\ca\fluidsimulation\fluidsimulation\debug\trianglemesh.obj
c:\users\albert gil\desktop\miri\ca\fluidsimulation\fluidsimulation\debug\tilemap.obj
c:\users\albert gil\desktop\miri\ca\fluidsimulation\fluidsimulation\debug\texturedquad.obj
c:\users\albert gil\desktop\miri\ca\fluidsimulation\fluidsimulation\debug\texture.obj
c:\users\albert gil\desktop\miri\ca\fluidsimulation\fluidsimulation\debug\text.obj
c:\users\albert gil\desktop\miri\ca\fluidsimulation\fluidsimulation\debug\shaderprogram.obj
c:\users\albert gil\desktop\miri\ca\fluidsimulation\fluidsimulation\debug\shader.obj
c:\users\albert gil\desktop\miri\ca\fluidsimulation\fluidsimulation\debug\plyreader.obj
c:\users\albert gil\desktop\miri\ca\fluidsimulation\fluidsimulation\debug\physics.obj
c:\users\albert gil\desktop\miri\ca\fluidsimulation\fluidsimulation\debug\pathfinding.obj
c:\users\albert gil\desktop\miri\ca\fluidsimulation\fluidsimulation\debug\particle.obj
c:\users\albert gil\desktop\miri\ca\fluidsimulation\fluidsimulation\debug\lod.obj
c:\users\albert gil\desktop\miri\ca\fluidsimulation\fluidsimulation\debug\glm.obj
c:\users\albert gil\desktop\miri\ca\fluidsimulation\fluidsimulation\debug\geometry.obj
c:\users\albert gil\desktop\miri\ca\fluidsimulation\fluidsimulation\debug\floortile.obj
c:\users\albert gil\desktop\miri\ca\fluidsimulation\fluidsimulation\debug\camera.obj
c:\users\albert gil\desktop\miri\ca\fluidsimulation\fluidsimulation\debug\scene.obj
c:\users\albert gil\desktop\miri\ca\fluidsimulation\fluidsimulation\debug\main.obj
c:\users\albert gil\desktop\miri\ca\fluidsimulation\fluidsimulation\debug\application.obj
c:\users\albert gil\desktop\miri\ca\fluidsimulation\fluidsimulation\debug\fluidsimulation.tlog\cl.command.1.tlog
c:\users\albert gil\desktop\miri\ca\fluidsimulation\fluidsimulation\debug\fluidsimulation.tlog\cl.read.1.tlog
c:\users\albert gil\desktop\miri\ca\fluidsimulation\fluidsimulation\debug\fluidsimulation.tlog\cl.write.1.tlog
c:\users\albert gil\desktop\miri\ca\fluidsimulation\fluidsimulation\debug\fluidsimulation.tlog\link.12704.read.1.tlog
c:\users\albert gil\desktop\miri\ca\fluidsimulation\fluidsimulation\debug\fluidsimulation.tlog\link.12704.write.1.tlog
c:\users\albert gil\desktop\miri\ca\fluidsimulation\fluidsimulation\debug\fluidsimulation.tlog\link.command.1.tlog
c:\users\albert gil\desktop\miri\ca\fluidsimulation\fluidsimulation\debug\fluidsimulation.tlog\link.read.1.tlog
c:\users\albert gil\desktop\miri\ca\fluidsimulation\fluidsimulation\debug\fluidsimulation.tlog\link.write.1.tlog
