  Physics.cpp
C:\Users\Albert Gil\Desktop\MIRI\CA\FluidSimulation\FluidSimulation\src\Physics.cpp(170,29): warning C4018:  '<': signed/unsigned mismatch
C:\Users\Albert Gil\Desktop\MIRI\CA\FluidSimulation\FluidSimulation\src\Physics.cpp(172,30): warning C4018:  '<': signed/unsigned mismatch
C:\Users\Albert Gil\Desktop\MIRI\CA\FluidSimulation\FluidSimulation\src\Physics.cpp(192,10): warning C4018:  '<': signed/unsigned mismatch
C:\Users\Albert Gil\Desktop\MIRI\CA\FluidSimulation\FluidSimulation\src\Physics.cpp(198,10): warning C4018:  '<': signed/unsigned mismatch
C:\Users\Albert Gil\Desktop\MIRI\CA\FluidSimulation\FluidSimulation\src\Physics.cpp(205,10): warning C4018:  '<': signed/unsigned mismatch
C:\Users\Albert Gil\Desktop\MIRI\CA\FluidSimulation\FluidSimulation\src\Physics.cpp(208,19): warning C4018:  '<': signed/unsigned mismatch
C:\Users\Albert Gil\Desktop\MIRI\CA\FluidSimulation\FluidSimulation\src\Physics.cpp(211,10): warning C4018:  '<': signed/unsigned mismatch
C:\Users\Albert Gil\Desktop\MIRI\CA\FluidSimulation\FluidSimulation\src\Physics.cpp(211,26): warning C4018:  '<': signed/unsigned mismatch
C:\Users\Albert Gil\Desktop\MIRI\CA\FluidSimulation\FluidSimulation\src\Physics.cpp(218,10): warning C4018:  '<': signed/unsigned mismatch
C:\Users\Albert Gil\Desktop\MIRI\CA\FluidSimulation\FluidSimulation\src\Physics.cpp(224,10): warning C4018:  '<': signed/unsigned mismatch
C:\Users\Albert Gil\Desktop\MIRI\CA\FluidSimulation\FluidSimulation\src\Physics.cpp(234,29): warning C4018:  '<': signed/unsigned mismatch
C:\Users\Albert Gil\Desktop\MIRI\CA\FluidSimulation\FluidSimulation\src\Physics.cpp(236,30): warning C4018:  '<': signed/unsigned mismatch
  SOIL.lib(SOIL.obj) : MSIL .netmodule or module compiled with /GL found; restarting link with /LTCG; add /LTCG to the link command line to improve linker performance
LINK : warning LNK4075: ignoring '/INCREMENTAL' due to '/LTCG' specification
LINK : warning LNK4098: defaultlib 'MSVCRT' conflicts with use of other libs; use /NODEFAULTLIB:library
LINK : warning LNK4098: defaultlib 'LIBCMT' conflicts with use of other libs; use /NODEFAULTLIB:library
  Generating code
  Finished generating code
glew32s.lib(glew.obj) : warning LNK4099: PDB 'vc120.pdb' was not found with 'glew32s.lib(glew.obj)' or at 'C:\Users\Albert Gil\Desktop\MIRI\CA\FluidSimulation\Debug\vc120.pdb'; linking object as if no debug info
  FluidSimulation.vcxproj -> C:\Users\Albert Gil\Desktop\MIRI\CA\FluidSimulation\Debug\FluidSimulation.exe
