  Physics.cpp
C:\Users\Albert Gil\Desktop\MIRI\CA\AnimationProj2\AnimationProj2\src\Physics.cpp(478,29): warning C4018:  '<': signed/unsigned mismatch
C:\Users\Albert Gil\Desktop\MIRI\CA\AnimationProj2\AnimationProj2\src\Physics.cpp(480,30): warning C4018:  '<': signed/unsigned mismatch
C:\Users\Albert Gil\Desktop\MIRI\CA\AnimationProj2\AnimationProj2\src\Physics.cpp(500,10): warning C4018:  '<': signed/unsigned mismatch
C:\Users\Albert Gil\Desktop\MIRI\CA\AnimationProj2\AnimationProj2\src\Physics.cpp(506,10): warning C4018:  '<': signed/unsigned mismatch
C:\Users\Albert Gil\Desktop\MIRI\CA\AnimationProj2\AnimationProj2\src\Physics.cpp(513,10): warning C4018:  '<': signed/unsigned mismatch
C:\Users\Albert Gil\Desktop\MIRI\CA\AnimationProj2\AnimationProj2\src\Physics.cpp(516,19): warning C4018:  '<': signed/unsigned mismatch
C:\Users\Albert Gil\Desktop\MIRI\CA\AnimationProj2\AnimationProj2\src\Physics.cpp(519,10): warning C4018:  '<': signed/unsigned mismatch
C:\Users\Albert Gil\Desktop\MIRI\CA\AnimationProj2\AnimationProj2\src\Physics.cpp(519,26): warning C4018:  '<': signed/unsigned mismatch
C:\Users\Albert Gil\Desktop\MIRI\CA\AnimationProj2\AnimationProj2\src\Physics.cpp(526,10): warning C4018:  '<': signed/unsigned mismatch
C:\Users\Albert Gil\Desktop\MIRI\CA\AnimationProj2\AnimationProj2\src\Physics.cpp(532,10): warning C4018:  '<': signed/unsigned mismatch
C:\Users\Albert Gil\Desktop\MIRI\CA\AnimationProj2\AnimationProj2\src\Physics.cpp(542,29): warning C4018:  '<': signed/unsigned mismatch
C:\Users\Albert Gil\Desktop\MIRI\CA\AnimationProj2\AnimationProj2\src\Physics.cpp(544,30): warning C4018:  '<': signed/unsigned mismatch
LINK : warning LNK4098: defaultlib 'LIBCMT' conflicts with use of other libs; use /NODEFAULTLIB:library
  Generating code
  0 of 102 functions ( 0.0%) were compiled, the rest were copied from previous compilation.
    0 functions were new in current compilation
    0 functions had inline decision re-evaluated but remain unchanged
  Finished generating code
glew32s.lib(glew.obj) : warning LNK4099: PDB 'vc120.pdb' was not found with 'glew32s.lib(glew.obj)' or at 'C:\Users\Albert Gil\Desktop\MIRI\CA\AnimationProj2\degugBueno\vc120.pdb'; linking object as if no debug info
  AnimationProj2.vcxproj -> C:\Users\Albert Gil\Desktop\MIRI\CA\AnimationProj2\degugBueno\AnimationProj2.exe
