c:\users\albert gil\desktop\miri\ca\animationproj2\degugbueno\animationproj2.ipdb
c:\users\albert gil\desktop\miri\ca\animationproj2\degugbueno\animationproj2.iobj
c:\users\albert gil\desktop\miri\ca\animationproj2\animationproj2\degugbueno\vc142.pdb
c:\users\albert gil\desktop\miri\ca\animationproj2\animationproj2\degugbueno\tilemap.obj
c:\users\albert gil\desktop\miri\ca\animationproj2\animationproj2\degugbueno\tga.obj
c:\users\albert gil\desktop\miri\ca\animationproj2\animationproj2\degugbueno\texturedquad.obj
c:\users\albert gil\desktop\miri\ca\animationproj2\animationproj2\degugbueno\texture.obj
c:\users\albert gil\desktop\miri\ca\animationproj2\animationproj2\degugbueno\text.obj
c:\users\albert gil\desktop\miri\ca\animationproj2\animationproj2\degugbueno\shaderprogram.obj
c:\users\albert gil\desktop\miri\ca\animationproj2\animationproj2\degugbueno\shader.obj
c:\users\albert gil\desktop\miri\ca\animationproj2\animationproj2\degugbueno\scene.obj
c:\users\albert gil\desktop\miri\ca\animationproj2\animationproj2\degugbueno\plyreader.obj
c:\users\albert gil\desktop\miri\ca\animationproj2\animationproj2\degugbueno\physics.obj
c:\users\albert gil\desktop\miri\ca\animationproj2\animationproj2\degugbueno\pathfinding.obj
c:\users\albert gil\desktop\miri\ca\animationproj2\animationproj2\degugbueno\particle.obj
c:\users\albert gil\desktop\miri\ca\animationproj2\animationproj2\degugbueno\model.obj
c:\users\albert gil\desktop\miri\ca\animationproj2\animationproj2\degugbueno\main.obj
c:\users\albert gil\desktop\miri\ca\animationproj2\animationproj2\degugbueno\lod.obj
c:\users\albert gil\desktop\miri\ca\animationproj2\animationproj2\degugbueno\glm.obj
c:\users\albert gil\desktop\miri\ca\animationproj2\animationproj2\degugbueno\geometry.obj
c:\users\albert gil\desktop\miri\ca\animationproj2\animationproj2\degugbueno\floortile.obj
c:\users\albert gil\desktop\miri\ca\animationproj2\animationproj2\degugbueno\camera.obj
c:\users\albert gil\desktop\miri\ca\animationproj2\animationproj2\degugbueno\application.obj
c:\users\albert gil\desktop\miri\ca\animationproj2\animationproj2\degugbueno\trianglemesh.obj
c:\users\albert gil\desktop\miri\ca\animationproj2\degugbueno\animationproj2.exe
c:\users\albert gil\desktop\miri\ca\animationproj2\degugbueno\animationproj2.pdb
c:\users\albert gil\desktop\miri\ca\animationproj2\animationproj2\degugbueno\animationproj2.tlog\animationproj2.write.1u.tlog
c:\users\albert gil\desktop\miri\ca\animationproj2\animationproj2\degugbueno\animationproj2.tlog\cl.command.1.tlog
c:\users\albert gil\desktop\miri\ca\animationproj2\animationproj2\degugbueno\animationproj2.tlog\cl.read.1.tlog
c:\users\albert gil\desktop\miri\ca\animationproj2\animationproj2\degugbueno\animationproj2.tlog\cl.write.1.tlog
c:\users\albert gil\desktop\miri\ca\animationproj2\animationproj2\degugbueno\animationproj2.tlog\link.command.1.tlog
c:\users\albert gil\desktop\miri\ca\animationproj2\animationproj2\degugbueno\animationproj2.tlog\link.delete.1.tlog
c:\users\albert gil\desktop\miri\ca\animationproj2\animationproj2\degugbueno\animationproj2.tlog\link.read.1.tlog
c:\users\albert gil\desktop\miri\ca\animationproj2\animationproj2\degugbueno\animationproj2.tlog\link.write.1.tlog
